[2020-03-29 15:56:10] local.INFO: array (
  'sign' => 'JDr56rn5t+fUTVKzXH7fH2R0zXmfNw5NZ1TTpBU5nI+Q6EyY5SeCB8Uh2RkRFpkGAU6jbgSdjVyXYwSl1KTYZiDqCVimxYLur2cDYCSiPkIqYHDmSgcbLRwoRjFTlpjIgqFM3kIEi0nMQshEc4alWZ/CQYN1USECXu+e9jdD/rYBRd/9bbZ6YZuJWmsmnZkyljhLebw+BJUEomEj/YnvcZmpX6SmJVhoobzK53Goo1xYd200nEx6DShgYZQUTg55rCE8/UnIeUSP6L1vfgR2mZ2mSID79JSytOUvpKW5NW+ST49mvmYJAhQV7s3On+ZgZIpAbP7/zF9g5lq4HQ58YQ==',
  'charset' => 'GBK',
  'biz_content' => '<XML><AppId><![CDATA[2019092367733779]]></AppId><MsgType><![CDATA[event]]></MsgType><CreateTime><![CDATA[1585468568783]]></CreateTime><FromUserId><![CDATA[20880007538113562853086350410768]]></FromUserId><MsgId><![CDATA[5e63e134c50c49ffa30c2a664c5c37de]]></MsgId><AccountNo><![CDATA[]]></AccountNo><AgreementId><![CDATA[]]></AgreementId><UserInfo><![CDATA[{"logon_id":"241***@qq.com","user_name":"*ะกำเ"}]]></UserInfo><EventType><![CDATA[follow]]></EventType><ActionParam><![CDATA[{"scene":{"sceneId":"life-mini-app"}}]]></ActionParam><FromAlipayUserId><![CDATA[2088912199982684]]></FromAlipayUserId></XML>',
  'sign_type' => 'RSA2',
  'service' => 'alipay.mobile.public.message.notify',
)  
[2020-03-29 15:56:10] local.INFO: response_xml: <?xml version="1.0" encoding="UTF-8"?><alipay><response><success>false</success><error_code>VERIFY_FAILED</error_code><biz_content>MIIBIjANBgkqhkiG9w0BAQEFAAOCAQ8AMIIBCgKCAQEAkex+5+RKrMxGkhAaE5s5vd3AHI5kUaCRVbAXxtqcN07DNWNZFX7hLwSG5bGLpHc54K26eVO0KPOopfCBxzTRWo94ZmGCzuYdcishHb2X3alyRjE+sbJv9LYrc+Wl73Sp537fEZZNJ1w7uLzsRTXN84iOAxMQhuBOskmeXUCZwLcbHnk8OSB8lKryvyFokaQBeb4OSYdd01z12VCVIMYgAjsy6W8OMk+LOjoampYj7qqZsT/nOKItuEus/oTaWhhrUXGq39H0n2em6vNbp1iOw+PpDdtcb9NUPiChm6TbY3lpMdyFHCORGjRFAy6w+ruM1C1QmzE5FoFtXCxOuUdyowIDAQAB</biz_content></response><sign>iEl7UFDb6ajrHh+PjaeY2zvAt+jqznbypOVn9O22ZGNOLED+fIhSaJOOs6S/NvHriWwclzxT/VM4pc3s2XytTfW6F2WxaT0xmvO5gcf/peGg2pvEmFn5qRf6lli/qXn8kWbZ33kOXyOUyXP45lN5hEzq37VOW8mTTG8RA83nO2lYnHHDOplE5jFYN9f4vceLMGJbhq8MdmfHeySLn+wqDShTTl5/X1N8bodqqHfDjR/f+ZSNna172R88znJYey6Kx3POCPQAqHfbvAan4/uo2MEohTlBWYQVllkU9sNCrd3ER3PqSPSt6C+XcVPCXE9G4p4dsiOR792qoC2B0Ngrkg==</sign><sign_type>RSA2</sign_type></alipay>  
[2020-03-29 16:02:14] local.INFO: array (
  'sign' => 'T9SH44zcEN6RnNNtjctZIPFJemSzoiKr73bKMYABIi/0MSo/C67iGv/UHU8BQ4m2XijWE5pqLp+XRycbFwA4JVt0m+Sdh5MpbugzR6IypseXrx+94PXIk996EkdOyKyOyKTgf8PYC/t/bImRXFGMlijavqbwbYlOfr96YzaHlCURmbasvGRaLX8G9tN9qTRrSPUgQ4WRXhv+0U1dR0p4X9lSaqHHPn0MPTlIikCS8UQiS/OnGkHPAWgxU6mGYsKNUc4Bxp0BnP4La9TxsVnVw5GYXUgT7N0ERr/+tDNB2t2SLhntOaZ6RDwjzkKOsvPXoY7xoUrxM6wWDbtfVhUJ1w==',
  'charset' => 'GBK',
  'biz_content' => '<XML><AppId><![CDATA[2019101768462382]]></AppId><MsgType><![CDATA[event]]></MsgType><CreateTime><![CDATA[1585468934571]]></CreateTime><FromUserId><![CDATA[20880047178669015638917160418768]]></FromUserId><MsgId><![CDATA[93cfaf1fbfe34716aa967eaccb67801f]]></MsgId><AccountNo><![CDATA[]]></AccountNo><AgreementId><![CDATA[]]></AgreementId><UserInfo><![CDATA[{"logon_id":"241***@qq.com","user_name":"*ะกำเ"}]]></UserInfo><EventType><![CDATA[follow]]></EventType><ActionParam><![CDATA[{"scene":{"sceneId":"life-mini-app"}}]]></ActionParam><FromAlipayUserId><![CDATA[2088912199982684]]></FromAlipayUserId></XML>',
  'sign_type' => 'RSA2',
  'service' => 'alipay.mobile.public.message.notify',
)  
[2020-03-29 16:02:14] local.INFO: response_xml: <?xml version="1.0" encoding="UTF-8"?><alipay><response><success>true</success><biz_content>MIIBIjANBgkqhkiG9w0BAQEFAAOCAQ8AMIIBCgKCAQEAwXv8ze1CN/OLoUC3NpZRjLo1YR/poQb8G3rcWhFBCQC/8Jnw/tuRYUoJ5SSj+m0huQjg2PRfOl95XK2KlFA+mAJ9HZUVzioizF560ecPa2cGc+Mq1+5ZCJT04Edx20kcIPpNOkiPLjmDED48nlY+uShubYCMWM97+/JLgfo6NqZsTx4fRDPJV5dR+OAOBxLL2XtF3Fq3XqaJ0PDirKxghqA2JsjXFqeKaTEri+C6JHNNgxd0wwa2V/fO3XdNUxRAW75ZAHzblL+VpaslrE2ZcixAqi0+DQipJq1pdTyO4opaDfdvSBbre8xEp7gJGcPgAHccfi39h9b4+j+1YdMdOQIDAQAB</biz_content></response><sign>oGBmpqrS1oJr0eWZGPy5Q2BnV64UzTZEwoPMxS9+IzYIb2k0NIkMKn08isaJIh10QQJCFPvUZaF0Kpf4GB6ETN4HgXJnf/doP4rD6crceTHP31mxMYYdYGunw22h3j0hXorE43kSpW+jR/CEedS0JiTa1kGoaHtjOb480DPAJ3hTKkXrW2w4djqTsbLcFTN2M0k0OPAjFaVqkbPxdaXj+82/XMueXBK5ggw1IwqkU4LVMkxuxdUSrT9f5HEFRPb20DLCT19KSbxTij8rxEvBLIvBgLy5LUEF+MkzDMrqM3Czo2jyQ0giTfSwRmeWWA50Es9zo0wHI5Bjfm9UsDkp6w==</sign><sign_type>RSA2</sign_type></alipay>  
[2020-03-29 16:02:44] local.INFO: array (
  'sign' => 'OASY03rBrXPs/4VaDZ+ut07T7/puvyjjjyiFO4IBNBOtNuhLnyJPV/4EU4cnbOG208Ibsgk4JOf8qBc31hdt1nnFpqOte9HQq1XjqWwg3/vfubPIzqbaTmG8xo9PMOyX9Q7SbVYHXAXdfRDbDQ8VlZlBLECbIuSKDglHfjD+/e3/SiVuGJ0+4mTWMy/tOqscAujj+8UfA+l/cPC5SzAlF8Bn35pELVq2aBLq2dmY2aqJe7nOdLYyK418ML2REMbWMMIpjjUq1W0p94F9pzXvH+8jwgWTFtZ56XvSEnDutWd1hsant1voIGXZR66txoon5QoIz95/+a6zo2HtwNeMLA==',
  'charset' => 'GBK',
  'biz_content' => '<XML><AppId><![CDATA[2019101768472417]]></AppId><MsgType><![CDATA[event]]></MsgType><CreateTime><![CDATA[1585468964097]]></CreateTime><FromUserId><![CDATA[20880066698126604689379720412668]]></FromUserId><MsgId><![CDATA[35f850237b174b57bdfb6cedf5372c78]]></MsgId><AccountNo><![CDATA[]]></AccountNo><AgreementId><![CDATA[]]></AgreementId><UserInfo><![CDATA[{"logon_id":"241***@qq.com","user_name":"*ะกำเ"}]]></UserInfo><EventType><![CDATA[follow]]></EventType><ActionParam><![CDATA[{"scene":{"sceneId":"life-mini-app"}}]]></ActionParam><FromAlipayUserId><![CDATA[2088912199982684]]></FromAlipayUserId></XML>',
  'sign_type' => 'RSA2',
  'service' => 'alipay.mobile.public.message.notify',
)  
[2020-03-29 16:02:44] local.INFO: response_xml: <?xml version="1.0" encoding="UTF-8"?><alipay><response><success>true</success><biz_content>MIIBIjANBgkqhkiG9w0BAQEFAAOCAQ8AMIIBCgKCAQEAwTjLhjrP6jcWne+ZmuS2kE7jr/YApMJuws7ruBPf1MCv5GMHIWwM0aFwDCLSFbKizUBgK8qQdb8tQQ7GL7GxRrtfagEtUvQ+iRkKmEKTvgBzroGhccMylPwINDaPrT3Jlp9arbNpbX6axcxB557YOp217FA9Ru6ENWByw18fZPSjkegcl7nz/IJSgSojcQJFHTovde0wQcXCZbSTfS0l692fdhwjpbsQflTNscQ83QnkKyawdK7k/JSSk8PUdqWpzqZWA8djmAg2tJMHdkQJFqxzIv63EXrmTtfTGODWD5/XhCrnR27rTq0PuZUeejDp2F0qxjlGz/0pC+saxUfRhQIDAQAB</biz_content></response><sign>DDkispgqzNutXcSHSctGAhpZvH6AaXh6GlN86kxrB1nTHXygjbz69eKSa66UbQBhqPLjaxpMQZjsUVikThvEeho3rHJ5otu00mEnWjuA5e7Os+c9Iq/nYbd9XBzNPNkuQjRZWRtha3thWM1knlYk2RF9+0ZPSD3trB8RqqKuZCLW0IzGD/6+maPHGfG3wzEx1iPqhoDJV51qD/zRlV1xvOEl2dWbvKLSnfRt54rPXrgjWqP3O0rPfDGX+QWUOOGS9Cj22+tTzxl/gFwBywU7PbkseOGeU9Rfex+1WWTIaBFaK6HLt+gFyIYmMk7Ekt+NCn5DfLklRcUCd9IaGF6WbQ==</sign><sign_type>RSA2</sign_type></alipay>  
