[2020-03-04 13:41:14] local.INFO: http://deposit.lswlpay.com/auth/Ali/1571454857/eyJpdiI6Ijdkd0lEN0N6RFVVeWNud1VRVnRibnc9PSIsInZhbHVlIjoicGxqOUdkcEtCT1lhemxvXC9RQTE3cllQZFM3T2kzcVQzTGtHT2l5Q1wvVzZZPSIsIm1hYyI6IjI0ZjVlNzAzN2NhNDUxODZlMjBmYjI0MDA3NWM4NmZkNzdlNDY2YmE3MDAwZGFjMjIzNzcyMmUxYzI1NTA0YTcifQ==  
[2020-03-04 13:41:15] local.INFO: step0https://openauth.alipay.com/oauth2/publicAppAuthorize.htm?app_id=2019100968190496&scope=auth_userinfo&redirect_uri=http%3A%2F%2Fdeposit.lswlpay.com%2Fauth%2FAli%2F1571454857%2FeyJpdiI6Ijdkd0lEN0N6RFVVeWNud1VRVnRibnc9PSIsInZhbHVlIjoicGxqOUdkcEtCT1lhemxvXC9RQTE3cllQZFM3T2kzcVQzTGtHT2l5Q1wvVzZZPSIsIm1hYyI6IjI0ZjVlNzAzN2NhNDUxODZlMjBmYjI0MDA3NWM4NmZkNzdlNDY2YmE3MDAwZGFjMjIzNzcyMmUxYzI1NTA0YTcifQ%3D%3D  
[2020-03-04 13:41:26] local.INFO: key:Alipay.amounts.jr  
[2020-03-04 13:41:26] local.INFO: amounts:1000  
[2020-03-04 13:41:26] local.INFO: "alipay_sdk=alipay-sdk-php-20180705&app_id=2019100968190496&biz_content=%7B%22out_order_no%22%3A%22HGJ2020030456936%22%2C%22out_request_no%22%3A%22ZNHGJ2020030423089%22%2C%22order_title%22%3A%22Apply+for+Probation%22%2C%22amount%22%3A99%2C%22product_code%22%3A%22PRE_AUTH_ONLINE%22%2C%22payee_logon_id%22%3A%22256115493%40qq.com%22%2C%22extra_param%22%3A%22%7B%5C%22category%5C%22%3A%5C%22RENT_DIGITAL%5C%22%2C%5C%22outStoreCode%5C%22%3A%5C%22code0011%5C%22%2C%5C%22outStoreAlias%5C%22%3A%5C%22%E9%A2%86%E5%8F%96%E6%88%90%E5%8A%9F%21%5C%22%7D%22%7D&charset=utf-8&format=json&method=alipay.fund.auth.order.app.freeze&notify_url=http%3A%2F%2Fdeposit.lswlpay.com%2FAli%2Fnotify&sign_type=RSA2&timestamp=2020-03-04+13%3A41%3A26&version=1.0&sign=W1cqjdGd8u6bAhoqXqOykolNjbmVjeXdSbHSmO2yYvTA8BLPKEBZqdYCXsr1tfszTa6R8TRh82RRdn0uZfvOY0UDa3wMSZxZRuOyDgX344H2%2FsLraE2JxnHZaaP%2FZsJZWxxkGJ3b8jR4dmTdhBO4BsgpTzJvVhs7iSU6Fa0TmDCMsBriSh3626regmi9nLV4oH8AMooMf4Etq2UVcvSgg9oHqGkCGpv0ZUQolzXJAeqpC8fBFc3jff198MhnZFHjEJl0xAgWIfH8y5%2F6x71ZmoenyoJcOZJ%2B0DBNYoG4j4PddbZz3mPwixe%2B9KZNlMAN3b11QiXX4ZTR93zOz5se0A%3D%3D"  
[2020-03-04 13:41:37] local.INFO: http://deposit.lswlpay.com/auth/Ali/1571454857/eyJpdiI6Ijdkd0lEN0N6RFVVeWNud1VRVnRibnc9PSIsInZhbHVlIjoicGxqOUdkcEtCT1lhemxvXC9RQTE3cllQZFM3T2kzcVQzTGtHT2l5Q1wvVzZZPSIsIm1hYyI6IjI0ZjVlNzAzN2NhNDUxODZlMjBmYjI0MDA3NWM4NmZkNzdlNDY2YmE3MDAwZGFjMjIzNzcyMmUxYzI1NTA0YTcifQ==  
[2020-03-04 13:41:37] local.INFO: step0https://openauth.alipay.com/oauth2/publicAppAuthorize.htm?app_id=2019100968190496&scope=auth_userinfo&redirect_uri=http%3A%2F%2Fdeposit.lswlpay.com%2Fauth%2FAli%2F1571454857%2FeyJpdiI6Ijdkd0lEN0N6RFVVeWNud1VRVnRibnc9PSIsInZhbHVlIjoicGxqOUdkcEtCT1lhemxvXC9RQTE3cllQZFM3T2kzcVQzTGtHT2l5Q1wvVzZZPSIsIm1hYyI6IjI0ZjVlNzAzN2NhNDUxODZlMjBmYjI0MDA3NWM4NmZkNzdlNDY2YmE3MDAwZGFjMjIzNzcyMmUxYzI1NTA0YTcifQ%3D%3D  
[2020-03-04 13:41:55] local.ERROR: Trying to get property of non-object {"exception":"[object] (ErrorException(code: 0): Trying to get property of non-object at /data/deposit/app/Http/Controllers/AliController.php:150)
[stacktrace]
#0 /data/deposit/app/Http/Controllers/AliController.php(150): Illuminate\\Foundation\\Bootstrap\\HandleExceptions->handleError(8, 'Trying to get p...', '/data/deposit/a...', 150, Array)
#1 [internal function]: App\\Http\\Controllers\\AliController->getUserInfo(Object(Illuminate\\Http\\Request), '1571454857', 'eyJpdiI6Ijdkd0l...')
#2 /data/deposit/vendor/laravel/framework/src/Illuminate/Routing/Controller.php(54): call_user_func_array(Array, Array)
#3 /data/deposit/vendor/laravel/framework/src/Illuminate/Routing/ControllerDispatcher.php(45): Illuminate\\Routing\\Controller->callAction('getUserInfo', Array)
#4 /data/deposit/vendor/laravel/framework/src/Illuminate/Routing/Route.php(219): Illuminate\\Routing\\ControllerDispatcher->dispatch(Object(Illuminate\\Routing\\Route), Object(App\\Http\\Controllers\\AliController), 'getUserInfo')
#5 /data/deposit/vendor/laravel/framework/src/Illuminate/Routing/Route.php(176): Illuminate\\Routing\\Route->runController()
#6 /data/deposit/vendor/laravel/framework/src/Illuminate/Routing/Router.php(682): Illuminate\\Routing\\Route->run()
#7 /data/deposit/vendor/laravel/framework/src/Illuminate/Routing/Pipeline.php(30): Illuminate\\Routing\\Router->Illuminate\\Routing\\{closure}(Object(Illuminate\\Http\\Request))
#8 /data/deposit/vendor/laravel/framework/src/Illuminate/Routing/Middleware/SubstituteBindings.php(41): Illuminate\\Routing\\Pipeline->Illuminate\\Routing\\{closure}(Object(Illuminate\\Http\\Request))
#9 /data/deposit/vendor/laravel/framework/src/Illuminate/Pipeline/Pipeline.php(163): Illuminate\\Routing\\Middleware\\SubstituteBindings->handle(Object(Illuminate\\Http\\Request), Object(Closure))
#10 /data/deposit/vendor/laravel/framework/src/Illuminate/Routing/Pipeline.php(53): Illuminate\\Pipeline\\Pipeline->Illuminate\\Pipeline\\{closure}(Object(Illuminate\\Http\\Request))
#11 /data/deposit/vendor/laravel/framework/src/Illuminate/Foundation/Http/Middleware/VerifyCsrfToken.php(75): Illuminate\\Routing\\Pipeline->Illuminate\\Routing\\{closure}(Object(Illuminate\\Http\\Request))
#12 /data/deposit/vendor/laravel/framework/src/Illuminate/Pipeline/Pipeline.php(163): Illuminate\\Foundation\\Http\\Middleware\\VerifyCsrfToken->handle(Object(Illuminate\\Http\\Request), Object(Closure))
#13 /data/deposit/vendor/laravel/framework/src/Illuminate/Routing/Pipeline.php(53): Illuminate\\Pipeline\\Pipeline->Illuminate\\Pipeline\\{closure}(Object(Illuminate\\Http\\Request))
#14 /data/deposit/vendor/laravel/framework/src/Illuminate/View/Middleware/ShareErrorsFromSession.php(49): Illuminate\\Routing\\Pipeline->Illuminate\\Routing\\{closure}(Object(Illuminate\\Http\\Request))
#15 /data/deposit/vendor/laravel/framework/src/Illuminate/Pipeline/Pipeline.php(163): Illuminate\\View\\Middleware\\ShareErrorsFromSession->handle(Object(Illuminate\\Http\\Request), Object(Closure))
#16 /data/deposit/vendor/laravel/framework/src/Illuminate/Routing/Pipeline.php(53): Illuminate\\Pipeline\\Pipeline->Illuminate\\Pipeline\\{closure}(Object(Illuminate\\Http\\Request))
#17 /data/deposit/vendor/laravel/framework/src/Illuminate/Session/Middleware/StartSession.php(63): Illuminate\\Routing\\Pipeline->Illuminate\\Routing\\{closure}(Object(Illuminate\\Http\\Request))
#18 /data/deposit/vendor/laravel/framework/src/Illuminate/Pipeline/Pipeline.php(163): Illuminate\\Session\\Middleware\\StartSession->handle(Object(Illuminate\\Http\\Request), Object(Closure))
#19 /data/deposit/vendor/laravel/framework/src/Illuminate/Routing/Pipeline.php(53): Illuminate\\Pipeline\\Pipeline->Illuminate\\Pipeline\\{closure}(Object(Illuminate\\Http\\Request))
#20 /data/deposit/vendor/laravel/framework/src/Illuminate/Cookie/Middleware/AddQueuedCookiesToResponse.php(37): Illuminate\\Routing\\Pipeline->Illuminate\\Routing\\{closure}(Object(Illuminate\\Http\\Request))
#21 /data/deposit/vendor/laravel/framework/src/Illuminate/Pipeline/Pipeline.php(163): Illuminate\\Cookie\\Middleware\\AddQueuedCookiesToResponse->handle(Object(Illuminate\\Http\\Request), Object(Closure))
#22 /data/deposit/vendor/laravel/framework/src/Illuminate/Routing/Pipeline.php(53): Illuminate\\Pipeline\\Pipeline->Illuminate\\Pipeline\\{closure}(Object(Illuminate\\Http\\Request))
#23 /data/deposit/vendor/laravel/framework/src/Illuminate/Cookie/Middleware/EncryptCookies.php(66): Illuminate\\Routing\\Pipeline->Illuminate\\Routing\\{closure}(Object(Illuminate\\Http\\Request))
#24 /data/deposit/vendor/laravel/framework/src/Illuminate/Pipeline/Pipeline.php(163): Illuminate\\Cookie\\Middleware\\EncryptCookies->handle(Object(Illuminate\\Http\\Request), Object(Closure))
#25 /data/deposit/vendor/laravel/framework/src/Illuminate/Routing/Pipeline.php(53): Illuminate\\Pipeline\\Pipeline->Illuminate\\Pipeline\\{closure}(Object(Illuminate\\Http\\Request))
#26 /data/deposit/vendor/laravel/framework/src/Illuminate/Pipeline/Pipeline.php(104): Illuminate\\Routing\\Pipeline->Illuminate\\Routing\\{closure}(Object(Illuminate\\Http\\Request))
#27 /data/deposit/vendor/laravel/framework/src/Illuminate/Routing/Router.php(684): Illuminate\\Pipeline\\Pipeline->then(Object(Closure))
#28 /data/deposit/vendor/laravel/framework/src/Illuminate/Routing/Router.php(659): Illuminate\\Routing\\Router->runRouteWithinStack(Object(Illuminate\\Routing\\Route), Object(Illuminate\\Http\\Request))
#29 /data/deposit/vendor/laravel/framework/src/Illuminate/Routing/Router.php(625): Illuminate\\Routing\\Router->runRoute(Object(Illuminate\\Http\\Request), Object(Illuminate\\Routing\\Route))
#30 /data/deposit/vendor/laravel/framework/src/Illuminate/Routing/Router.php(614): Illuminate\\Routing\\Router->dispatchToRoute(Object(Illuminate\\Http\\Request))
#31 /data/deposit/vendor/laravel/framework/src/Illuminate/Foundation/Http/Kernel.php(176): Illuminate\\Routing\\Router->dispatch(Object(Illuminate\\Http\\Request))
#32 /data/deposit/vendor/laravel/framework/src/Illuminate/Routing/Pipeline.php(30): Illuminate\\Foundation\\Http\\Kernel->Illuminate\\Foundation\\Http\\{closure}(Object(Illuminate\\Http\\Request))
#33 /data/deposit/vendor/laravel/framework/src/Illuminate/Foundation/Http/Middleware/TransformsRequest.php(31): Illuminate\\Routing\\Pipeline->Illuminate\\Routing\\{closure}(Object(Illuminate\\Http\\Request))
#34 /data/deposit/vendor/laravel/framework/src/Illuminate/Pipeline/Pipeline.php(163): Illuminate\\Foundation\\Http\\Middleware\\TransformsRequest->handle(Object(Illuminate\\Http\\Request), Object(Closure))
#35 /data/deposit/vendor/laravel/framework/src/Illuminate/Routing/Pipeline.php(53): Illuminate\\Pipeline\\Pipeline->Illuminate\\Pipeline\\{closure}(Object(Illuminate\\Http\\Request))
#36 /data/deposit/vendor/laravel/framework/src/Illuminate/Foundation/Http/Middleware/TransformsRequest.php(31): Illuminate\\Routing\\Pipeline->Illuminate\\Routing\\{closure}(Object(Illuminate\\Http\\Request))
#37 /data/deposit/vendor/laravel/framework/src/Illuminate/Pipeline/Pipeline.php(163): Illuminate\\Foundation\\Http\\Middleware\\TransformsRequest->handle(Object(Illuminate\\Http\\Request), Object(Closure))
#38 /data/deposit/vendor/laravel/framework/src/Illuminate/Routing/Pipeline.php(53): Illuminate\\Pipeline\\Pipeline->Illuminate\\Pipeline\\{closure}(Object(Illuminate\\Http\\Request))
#39 /data/deposit/vendor/laravel/framework/src/Illuminate/Foundation/Http/Middleware/ValidatePostSize.php(27): Illuminate\\Routing\\Pipeline->Illuminate\\Routing\\{closure}(Object(Illuminate\\Http\\Request))
#40 /data/deposit/vendor/laravel/framework/src/Illuminate/Pipeline/Pipeline.php(163): Illuminate\\Foundation\\Http\\Middleware\\ValidatePostSize->handle(Object(Illuminate\\Http\\Request), Object(Closure))
#41 /data/deposit/vendor/laravel/framework/src/Illuminate/Routing/Pipeline.php(53): Illuminate\\Pipeline\\Pipeline->Illuminate\\Pipeline\\{closure}(Object(Illuminate\\Http\\Request))
#42 /data/deposit/vendor/laravel/framework/src/Illuminate/Foundation/Http/Middleware/CheckForMaintenanceMode.php(62): Illuminate\\Routing\\Pipeline->Illuminate\\Routing\\{closure}(Object(Illuminate\\Http\\Request))
#43 /data/deposit/vendor/laravel/framework/src/Illuminate/Pipeline/Pipeline.php(163): Illuminate\\Foundation\\Http\\Middleware\\CheckForMaintenanceMode->handle(Object(Illuminate\\Http\\Request), Object(Closure))
#44 /data/deposit/vendor/laravel/framework/src/Illuminate/Routing/Pipeline.php(53): Illuminate\\Pipeline\\Pipeline->Illuminate\\Pipeline\\{closure}(Object(Illuminate\\Http\\Request))
#45 /data/deposit/vendor/fideloper/proxy/src/TrustProxies.php(57): Illuminate\\Routing\\Pipeline->Illuminate\\Routing\\{closure}(Object(Illuminate\\Http\\Request))
#46 /data/deposit/vendor/laravel/framework/src/Illuminate/Pipeline/Pipeline.php(163): Fideloper\\Proxy\\TrustProxies->handle(Object(Illuminate\\Http\\Request), Object(Closure))
#47 /data/deposit/vendor/laravel/framework/src/Illuminate/Routing/Pipeline.php(53): Illuminate\\Pipeline\\Pipeline->Illuminate\\Pipeline\\{closure}(Object(Illuminate\\Http\\Request))
#48 /data/deposit/vendor/laravel/framework/src/Illuminate/Pipeline/Pipeline.php(104): Illuminate\\Routing\\Pipeline->Illuminate\\Routing\\{closure}(Object(Illuminate\\Http\\Request))
#49 /data/deposit/vendor/laravel/framework/src/Illuminate/Foundation/Http/Kernel.php(151): Illuminate\\Pipeline\\Pipeline->then(Object(Closure))
#50 /data/deposit/vendor/laravel/framework/src/Illuminate/Foundation/Http/Kernel.php(116): Illuminate\\Foundation\\Http\\Kernel->sendRequestThroughRouter(Object(Illuminate\\Http\\Request))
#51 /data/deposit/public/index.php(55): Illuminate\\Foundation\\Http\\Kernel->handle(Object(Illuminate\\Http\\Request))
#52 {main}
"} 
[2020-03-04 13:46:34] local.INFO: http://deposit.lswlpay.com/auth/Ali/1571454857/eyJpdiI6Ijdkd0lEN0N6RFVVeWNud1VRVnRibnc9PSIsInZhbHVlIjoicGxqOUdkcEtCT1lhemxvXC9RQTE3cllQZFM3T2kzcVQzTGtHT2l5Q1wvVzZZPSIsIm1hYyI6IjI0ZjVlNzAzN2NhNDUxODZlMjBmYjI0MDA3NWM4NmZkNzdlNDY2YmE3MDAwZGFjMjIzNzcyMmUxYzI1NTA0YTcifQ==  
[2020-03-04 13:46:34] local.INFO: step0https://openauth.alipay.com/oauth2/publicAppAuthorize.htm?app_id=2019100968190496&scope=auth_userinfo&redirect_uri=http%3A%2F%2Fdeposit.lswlpay.com%2Fauth%2FAli%2F1571454857%2FeyJpdiI6Ijdkd0lEN0N6RFVVeWNud1VRVnRibnc9PSIsInZhbHVlIjoicGxqOUdkcEtCT1lhemxvXC9RQTE3cllQZFM3T2kzcVQzTGtHT2l5Q1wvVzZZPSIsIm1hYyI6IjI0ZjVlNzAzN2NhNDUxODZlMjBmYjI0MDA3NWM4NmZkNzdlNDY2YmE3MDAwZGFjMjIzNzcyMmUxYzI1NTA0YTcifQ%3D%3D  
