[2020-04-02 12:30:15] local.INFO: array (
  'sign' => 'Gauyy6LDPdCvf7IOEOmgfSOMW2thVr0EEJc79MBGq/rW2or7qgSqTQkriew7EMj1f7kn/120XVSjlUfg4uokQJrB6au2I2CSIuld2vwtjJl2PaaOpECIn9/kyBy+gN2yF+JXQK7Y3JF7ZPBUGMYobP/m+vIjaWVu7uzfQs4oQpUOkj5OvY7AxB0V/VJXN+EzzSj2bcHyluqUsaxKl+sytFingn82JKCyxxyQ/zE4Y0fimod+cgS0yCUoIgv1zpssxQeLvbMtEGZB/L6jOeI1fg/1Mh/pX3CJdvx8fAn30y6h3HSp6WFTn7GMXxvetMbLKmGKHyPZUCurpacsBwHr/A==',
  'charset' => 'GBK',
  'biz_content' => '<XML><EventType><![CDATA[unfollow]]></EventType><ActionParam><![CDATA[]]></ActionParam><FromAlipayUserId><![CDATA[2088912199982684]]></FromAlipayUserId><AppId><![CDATA[2019101768472417]]></AppId><MsgType><![CDATA[event]]></MsgType><CreateTime><![CDATA[1585801814591]]></CreateTime><FromUserId><![CDATA[20880066698126604689379720412668]]></FromUserId><MsgId><![CDATA[d01bebec0bb24d59ab4f759f29d17ec2]]></MsgId><AccountNo><![CDATA[]]></AccountNo><AgreementId><![CDATA[]]></AgreementId><UserInfo><![CDATA[{"logon_id":"241***@qq.com","user_name":"*ะกำเ"}]]></UserInfo></XML>',
  'sign_type' => 'RSA2',
  'service' => 'alipay.mobile.public.message.notify',
)  
[2020-04-02 12:30:15] local.INFO: response_xml: <?xml version="1.0" encoding="UTF-8"?><alipay><response><success>true</success><biz_content>MIIBIjANBgkqhkiG9w0BAQEFAAOCAQ8AMIIBCgKCAQEAwTjLhjrP6jcWne+ZmuS2kE7jr/YApMJuws7ruBPf1MCv5GMHIWwM0aFwDCLSFbKizUBgK8qQdb8tQQ7GL7GxRrtfagEtUvQ+iRkKmEKTvgBzroGhccMylPwINDaPrT3Jlp9arbNpbX6axcxB557YOp217FA9Ru6ENWByw18fZPSjkegcl7nz/IJSgSojcQJFHTovde0wQcXCZbSTfS0l692fdhwjpbsQflTNscQ83QnkKyawdK7k/JSSk8PUdqWpzqZWA8djmAg2tJMHdkQJFqxzIv63EXrmTtfTGODWD5/XhCrnR27rTq0PuZUeejDp2F0qxjlGz/0pC+saxUfRhQIDAQAB</biz_content></response><sign>DDkispgqzNutXcSHSctGAhpZvH6AaXh6GlN86kxrB1nTHXygjbz69eKSa66UbQBhqPLjaxpMQZjsUVikThvEeho3rHJ5otu00mEnWjuA5e7Os+c9Iq/nYbd9XBzNPNkuQjRZWRtha3thWM1knlYk2RF9+0ZPSD3trB8RqqKuZCLW0IzGD/6+maPHGfG3wzEx1iPqhoDJV51qD/zRlV1xvOEl2dWbvKLSnfRt54rPXrgjWqP3O0rPfDGX+QWUOOGS9Cj22+tTzxl/gFwBywU7PbkseOGeU9Rfex+1WWTIaBFaK6HLt+gFyIYmMk7Ekt+NCn5DfLklRcUCd9IaGF6WbQ==</sign><sign_type>RSA2</sign_type></alipay>  
[2020-04-02 12:30:39] local.INFO: array (
  'sign' => 'NbSBpZ/brjfYXHL9T9ZHE1UuEEbQcDTom6RLwaGH2az9Yl651oYuG0dqm4F9YhUQeoNZEpwDqepYzomwwCrHY6o26g1rue+fW0RDfSX5V1vRpLLij2QqTMIxvaY+uF+LXRzwnmLbgQwWsJflBN9jKx/lQEKJ7lz8IbZdnXHM7r+HEUkwkPNZvmvfpwYskMOxP0t7Jrkgn3goSWGwfJzh4wHuwdEX7z0CpWLdGobUm3Ghh8FKCiwng49j3EN6//tfY0NY1BqYpOlAEDIOXbeQnOaT1pV00Uva38g8o+u50g1SBEog+omWQh+J/+Pqug0tsLPqu/1S7Va++9LnkcBWqA==',
  'charset' => 'GBK',
  'biz_content' => '<XML><EventType><![CDATA[unfollow]]></EventType><ActionParam><![CDATA[]]></ActionParam><FromAlipayUserId><![CDATA[2088912199982684]]></FromAlipayUserId><AppId><![CDATA[2019092367733779]]></AppId><MsgType><![CDATA[event]]></MsgType><CreateTime><![CDATA[1585801838887]]></CreateTime><FromUserId><![CDATA[20880007538113562853086350410768]]></FromUserId><MsgId><![CDATA[e473322e709f4005aa6183e318ead6cf]]></MsgId><AccountNo><![CDATA[]]></AccountNo><AgreementId><![CDATA[]]></AgreementId><UserInfo><![CDATA[{"logon_id":"241***@qq.com","user_name":"*ะกำเ"}]]></UserInfo></XML>',
  'sign_type' => 'RSA2',
  'service' => 'alipay.mobile.public.message.notify',
)  
[2020-04-02 12:30:39] local.INFO: response_xml: <?xml version="1.0" encoding="UTF-8"?><alipay><response><success>false</success><error_code>VERIFY_FAILED</error_code><biz_content>MIIBIjANBgkqhkiG9w0BAQEFAAOCAQ8AMIIBCgKCAQEAkex+5+RKrMxGkhAaE5s5vd3AHI5kUaCRVbAXxtqcN07DNWNZFX7hLwSG5bGLpHc54K26eVO0KPOopfCBxzTRWo94ZmGCzuYdcishHb2X3alyRjE+sbJv9LYrc+Wl73Sp537fEZZNJ1w7uLzsRTXN84iOAxMQhuBOskmeXUCZwLcbHnk8OSB8lKryvyFokaQBeb4OSYdd01z12VCVIMYgAjsy6W8OMk+LOjoampYj7qqZsT/nOKItuEus/oTaWhhrUXGq39H0n2em6vNbp1iOw+PpDdtcb9NUPiChm6TbY3lpMdyFHCORGjRFAy6w+ruM1C1QmzE5FoFtXCxOuUdyowIDAQAB</biz_content></response><sign>iEl7UFDb6ajrHh+PjaeY2zvAt+jqznbypOVn9O22ZGNOLED+fIhSaJOOs6S/NvHriWwclzxT/VM4pc3s2XytTfW6F2WxaT0xmvO5gcf/peGg2pvEmFn5qRf6lli/qXn8kWbZ33kOXyOUyXP45lN5hEzq37VOW8mTTG8RA83nO2lYnHHDOplE5jFYN9f4vceLMGJbhq8MdmfHeySLn+wqDShTTl5/X1N8bodqqHfDjR/f+ZSNna172R88znJYey6Kx3POCPQAqHfbvAan4/uo2MEohTlBWYQVllkU9sNCrd3ER3PqSPSt6C+XcVPCXE9G4p4dsiOR792qoC2B0Ngrkg==</sign><sign_type>RSA2</sign_type></alipay>  
[2020-04-02 12:32:56] local.INFO: array (
  'sign' => 'RaSGkzcaWbKszcglNBIQdDCkEXcrgan/EnA9W0DMtxuy8i3+5VFIo6HdHeDjDhDSSxQGA7z1zJMv+Met7RAnH/1fxVI2bbmDwVsWc3d8TMk1Z8Au972slf4aHLek+aeUwRkEZg+99/4c8gjZKDDu2qTaL1MQojXi1qLg05P+BAdXPsETOjmkeeirmk9ctFCZa2tPIEF9VinHoIkp4Y2Gzi0nkVj+VLBeo+Of98xd68DpiR30L4Ry9IoN2gSuJNFYFcn0mUSAoYTyTTESO49BMRkPFLrtzuk/5yKIcGCBLWnYJ4KDxf0PBRncqKqVbJ1dHPQFGpR/TXSLntVU7IvYNA==',
  'charset' => 'GBK',
  'biz_content' => '<XML><EventType><![CDATA[unfollow]]></EventType><ActionParam><![CDATA[]]></ActionParam><FromAlipayUserId><![CDATA[2088912199982684]]></FromAlipayUserId><AppId><![CDATA[2019101768462382]]></AppId><MsgType><![CDATA[event]]></MsgType><CreateTime><![CDATA[1585801976093]]></CreateTime><FromUserId><![CDATA[20880047178669015638917160418768]]></FromUserId><MsgId><![CDATA[675c71042a3b40639c1e776b074008cb]]></MsgId><AccountNo><![CDATA[]]></AccountNo><AgreementId><![CDATA[]]></AgreementId><UserInfo><![CDATA[{"logon_id":"241***@qq.com","user_name":"*ะกำเ"}]]></UserInfo></XML>',
  'sign_type' => 'RSA2',
  'service' => 'alipay.mobile.public.message.notify',
)  
[2020-04-02 12:32:56] local.INFO: response_xml: <?xml version="1.0" encoding="UTF-8"?><alipay><response><success>true</success><biz_content>MIIBIjANBgkqhkiG9w0BAQEFAAOCAQ8AMIIBCgKCAQEAwXv8ze1CN/OLoUC3NpZRjLo1YR/poQb8G3rcWhFBCQC/8Jnw/tuRYUoJ5SSj+m0huQjg2PRfOl95XK2KlFA+mAJ9HZUVzioizF560ecPa2cGc+Mq1+5ZCJT04Edx20kcIPpNOkiPLjmDED48nlY+uShubYCMWM97+/JLgfo6NqZsTx4fRDPJV5dR+OAOBxLL2XtF3Fq3XqaJ0PDirKxghqA2JsjXFqeKaTEri+C6JHNNgxd0wwa2V/fO3XdNUxRAW75ZAHzblL+VpaslrE2ZcixAqi0+DQipJq1pdTyO4opaDfdvSBbre8xEp7gJGcPgAHccfi39h9b4+j+1YdMdOQIDAQAB</biz_content></response><sign>oGBmpqrS1oJr0eWZGPy5Q2BnV64UzTZEwoPMxS9+IzYIb2k0NIkMKn08isaJIh10QQJCFPvUZaF0Kpf4GB6ETN4HgXJnf/doP4rD6crceTHP31mxMYYdYGunw22h3j0hXorE43kSpW+jR/CEedS0JiTa1kGoaHtjOb480DPAJ3hTKkXrW2w4djqTsbLcFTN2M0k0OPAjFaVqkbPxdaXj+82/XMueXBK5ggw1IwqkU4LVMkxuxdUSrT9f5HEFRPb20DLCT19KSbxTij8rxEvBLIvBgLy5LUEF+MkzDMrqM3Czo2jyQ0giTfSwRmeWWA50Es9zo0wHI5Bjfm9UsDkp6w==</sign><sign_type>RSA2</sign_type></alipay>  
